d:\cse687\project4\code\project4-hlz\project4\executive\debug\executive.pdb
d:\cse687\project4\code\project4-hlz\project4\executive\debug\executive.obj
d:\cse687\project4\code\project4-hlz\project4\executive\debug\utilities.obj
d:\cse687\project4\code\project4-hlz\project4\executive\debug\toker.obj
d:\cse687\project4\code\project4-hlz\project4\executive\debug\semi.obj
d:\cse687\project4\code\project4-hlz\project4\executive\debug\scopestack.obj
d:\cse687\project4\code\project4-hlz\project4\executive\debug\parser.obj
d:\cse687\project4\code\project4-hlz\project4\executive\debug\configureparser.obj
d:\cse687\project4\code\project4-hlz\project4\executive\debug\actionsandrules.obj
d:\cse687\project4\code\project4-hlz\project4\executive\debug\logger.obj
d:\cse687\project4\code\project4-hlz\project4\executive\debug\grammarhelpers.obj
d:\cse687\project4\code\project4-hlz\project4\executive\debug\filesystem.obj
d:\cse687\project4\code\project4-hlz\project4\executive\debug\abstrsyntree.obj
d:\cse687\project4\code\project4-hlz\project4\debug\executive.lib
d:\cse687\project4\code\project4-hlz\project4\executive\debug\executive.tlog\cl.command.1.tlog
d:\cse687\project4\code\project4-hlz\project4\executive\debug\executive.tlog\cl.read.1.tlog
d:\cse687\project4\code\project4-hlz\project4\executive\debug\executive.tlog\cl.write.1.tlog
d:\cse687\project4\code\project4-hlz\project4\executive\debug\executive.tlog\lib-link.read.1.tlog
d:\cse687\project4\code\project4-hlz\project4\executive\debug\executive.tlog\lib-link.write.1.tlog
d:\cse687\project4\code\project4-hlz\project4\executive\debug\executive.tlog\lib.command.1.tlog
