d:\cse687\project4\code\project4-hlz\project4\parser\debug\vc141.pdb
d:\cse687\project4\code\project4-hlz\project4\parser\debug\vc141.idb
d:\cse687\project4\code\project4-hlz\project4\parser\debug\parser.obj
d:\cse687\project4\code\project4-hlz\project4\parser\debug\configureparser.obj
d:\cse687\project4\code\project4-hlz\project4\parser\debug\actionsandrules.obj
d:\cse687\project4\code\project4-hlz\project4\parser\debug\utilities.obj
d:\cse687\project4\code\project4-hlz\project4\parser\debug\toker.obj
d:\cse687\project4\code\project4-hlz\project4\parser\debug\semi.obj
d:\cse687\project4\code\project4-hlz\project4\parser\debug\scopestack.obj
d:\cse687\project4\code\project4-hlz\project4\parser\debug\logger.obj
d:\cse687\project4\code\project4-hlz\project4\parser\debug\grammarhelpers.obj
d:\cse687\project4\code\project4-hlz\project4\parser\debug\filesystem.obj
d:\cse687\project4\code\project4-hlz\project4\parser\debug\abstrsyntree.obj
d:\cse687\project4\code\project4-hlz\project4\debug\parser.ilk
d:\cse687\project4\code\project4-hlz\project4\debug\parser.exe
d:\cse687\project4\code\project4-hlz\project4\debug\parser.pdb
d:\cse687\project4\code\project4-hlz\project4\parser\debug\parser.tlog\cl.command.1.tlog
d:\cse687\project4\code\project4-hlz\project4\parser\debug\parser.tlog\cl.read.1.tlog
d:\cse687\project4\code\project4-hlz\project4\parser\debug\parser.tlog\cl.write.1.tlog
d:\cse687\project4\code\project4-hlz\project4\parser\debug\parser.tlog\link.command.1.tlog
d:\cse687\project4\code\project4-hlz\project4\parser\debug\parser.tlog\link.read.1.tlog
d:\cse687\project4\code\project4-hlz\project4\parser\debug\parser.tlog\link.write.1.tlog
