d:\cse687\project4\code\project4-hlz\project4\translator\debug\translator.pch
d:\cse687\project4\code\project4-hlz\project4\translator\debug\vc141.pdb
d:\cse687\project4\code\project4-hlz\project4\translator\debug\stdafx.obj
d:\cse687\project4\code\project4-hlz\project4\translator\debug\translator.obj
d:\cse687\project4\code\project4-hlz\project4\translator\debug\assemblyinfo.obj
d:\cse687\project4\code\project4-hlz\project4\translator\debug\.netframework,version=v4.6.1.assemblyattributes.obj
d:\cse687\project4\code\project4-hlz\project4\translator\debug\.netframework,version=v4.6.1.assemblyattributes.asm
d:\cse687\project4\code\project4-hlz\project4\debug\translator.dll
d:\cse687\project4\code\project4-hlz\project4\debug\translator.pdb
d:\cse687\project4\code\project4-hlz\project4\translator\debug\app.res
d:\cse687\project4\code\project4-hlz\project4\translator\debug\translator.vcxprojassemblyreference.cache
d:\cse687\project4\code\project4-hlz\project4\translator\debug\translator.tlog\cl.command.1.tlog
d:\cse687\project4\code\project4-hlz\project4\translator\debug\translator.tlog\cl.read.1.tlog
d:\cse687\project4\code\project4-hlz\project4\translator\debug\translator.tlog\cl.write.1.tlog
d:\cse687\project4\code\project4-hlz\project4\translator\debug\translator.tlog\link.command.1.tlog
d:\cse687\project4\code\project4-hlz\project4\translator\debug\translator.tlog\link.read.1.tlog
d:\cse687\project4\code\project4-hlz\project4\translator\debug\translator.tlog\link.write.1.tlog
d:\cse687\project4\code\project4-hlz\project4\translator\debug\translator.tlog\metagen.read.1.tlog
d:\cse687\project4\code\project4-hlz\project4\translator\debug\translator.tlog\metagen.write.1.tlog
d:\cse687\project4\code\project4-hlz\project4\translator\debug\translator.tlog\rc.command.1.tlog
d:\cse687\project4\code\project4-hlz\project4\translator\debug\translator.tlog\rc.read.1.tlog
d:\cse687\project4\code\project4-hlz\project4\translator\debug\translator.tlog\rc.write.1.tlog
