d:\cse687\project4\code\project4-hlz\project4\dependencies\debug\vc141.pdb
d:\cse687\project4\code\project4-hlz\project4\dependencies\debug\vc141.idb
d:\cse687\project4\code\project4-hlz\project4\dependencies\debug\dependencies .obj
d:\cse687\project4\code\project4-hlz\project4\dependencies\debug\toker.obj
d:\cse687\project4\code\project4-hlz\project4\dependencies\debug\semi.obj
d:\cse687\project4\code\project4-hlz\project4\dependencies\debug\parser.obj
d:\cse687\project4\code\project4-hlz\project4\dependencies\debug\configureparser.obj
d:\cse687\project4\code\project4-hlz\project4\dependencies\debug\actionsandrules.obj
d:\cse687\project4\code\project4-hlz\project4\dependencies\debug\logger.obj
d:\cse687\project4\code\project4-hlz\project4\dependencies\debug\grammarhelpers.obj
d:\cse687\project4\code\project4-hlz\project4\dependencies\debug\filesystem.obj
d:\cse687\project4\code\project4-hlz\project4\dependencies\debug\abstrsyntree.obj
d:\cse687\project4\code\project4-hlz\project4\debug\dependencies.ilk
d:\cse687\project4\code\project4-hlz\project4\debug\dependencies.exe
d:\cse687\project4\code\project4-hlz\project4\debug\dependencies.pdb
d:\cse687\project4\code\project4-hlz\project4\dependencies\debug\dependencies.tlog\cl.command.1.tlog
d:\cse687\project4\code\project4-hlz\project4\dependencies\debug\dependencies.tlog\cl.read.1.tlog
d:\cse687\project4\code\project4-hlz\project4\dependencies\debug\dependencies.tlog\cl.write.1.tlog
d:\cse687\project4\code\project4-hlz\project4\dependencies\debug\dependencies.tlog\link.command.1.tlog
d:\cse687\project4\code\project4-hlz\project4\dependencies\debug\dependencies.tlog\link.read.1.tlog
d:\cse687\project4\code\project4-hlz\project4\dependencies\debug\dependencies.tlog\link.write.1.tlog
