d:\cse687\project4\code\project4-hlz\project4\display\debug\vc141.pdb
d:\cse687\project4\code\project4-hlz\project4\display\debug\vc141.idb
d:\cse687\project4\code\project4-hlz\project4\display\debug\display.obj
d:\cse687\project4\code\project4-hlz\project4\display\debug\toker.obj
d:\cse687\project4\code\project4-hlz\project4\display\debug\semi.obj
d:\cse687\project4\code\project4-hlz\project4\display\debug\parser.obj
d:\cse687\project4\code\project4-hlz\project4\display\debug\configureparser.obj
d:\cse687\project4\code\project4-hlz\project4\display\debug\actionsandrules.obj
d:\cse687\project4\code\project4-hlz\project4\display\debug\logger.obj
d:\cse687\project4\code\project4-hlz\project4\display\debug\grammarhelpers.obj
d:\cse687\project4\code\project4-hlz\project4\display\debug\filesystem.obj
d:\cse687\project4\code\project4-hlz\project4\display\debug\abstrsyntree.obj
d:\cse687\project4\code\project4-hlz\project4\debug\display.ilk
d:\cse687\project4\code\project4-hlz\project4\debug\display.exe
d:\cse687\project4\code\project4-hlz\project4\debug\display.pdb
d:\cse687\project4\code\project4-hlz\project4\display\debug\display.tlog\cl.command.1.tlog
d:\cse687\project4\code\project4-hlz\project4\display\debug\display.tlog\cl.read.1.tlog
d:\cse687\project4\code\project4-hlz\project4\display\debug\display.tlog\cl.write.1.tlog
d:\cse687\project4\code\project4-hlz\project4\display\debug\display.tlog\link.command.1.tlog
d:\cse687\project4\code\project4-hlz\project4\display\debug\display.tlog\link.read.1.tlog
d:\cse687\project4\code\project4-hlz\project4\display\debug\display.tlog\link.write.1.tlog
