d:\cse687\project4\code\project4-hlz\project4\converter\debug\vc141.pdb
d:\cse687\project4\code\project4-hlz\project4\converter\debug\vc141.idb
d:\cse687\project4\code\project4-hlz\project4\converter\debug\converter.obj
d:\cse687\project4\code\project4-hlz\project4\converter\debug\toker.obj
d:\cse687\project4\code\project4-hlz\project4\converter\debug\semi.obj
d:\cse687\project4\code\project4-hlz\project4\converter\debug\parser.obj
d:\cse687\project4\code\project4-hlz\project4\converter\debug\configureparser.obj
d:\cse687\project4\code\project4-hlz\project4\converter\debug\actionsandrules.obj
d:\cse687\project4\code\project4-hlz\project4\converter\debug\logger.obj
d:\cse687\project4\code\project4-hlz\project4\converter\debug\grammarhelpers.obj
d:\cse687\project4\code\project4-hlz\project4\converter\debug\filesystem.obj
d:\cse687\project4\code\project4-hlz\project4\converter\debug\abstrsyntree.obj
d:\cse687\project4\code\project4-hlz\project4\debug\converter.ilk
d:\cse687\project4\code\project4-hlz\project4\debug\converter.exe
d:\cse687\project4\code\project4-hlz\project4\debug\converter.pdb
d:\cse687\project4\code\project4-hlz\project4\converter\debug\converter.tlog\cl.command.1.tlog
d:\cse687\project4\code\project4-hlz\project4\converter\debug\converter.tlog\cl.read.1.tlog
d:\cse687\project4\code\project4-hlz\project4\converter\debug\converter.tlog\cl.write.1.tlog
d:\cse687\project4\code\project4-hlz\project4\converter\debug\converter.tlog\link.command.1.tlog
d:\cse687\project4\code\project4-hlz\project4\converter\debug\converter.tlog\link.read.1.tlog
d:\cse687\project4\code\project4-hlz\project4\converter\debug\converter.tlog\link.write.1.tlog
