d:\cse687\project4\code\project4-hlz\project4\serverprototype\debug\vc141.pdb
d:\cse687\project4\code\project4-hlz\project4\serverprototype\debug\vc141.idb
d:\cse687\project4\code\project4-hlz\project4\serverprototype\debug\serverprototype.obj
d:\cse687\project4\code\project4-hlz\project4\serverprototype\debug\utilities.obj
d:\cse687\project4\code\project4-hlz\project4\serverprototype\debug\toker.obj
d:\cse687\project4\code\project4-hlz\project4\serverprototype\debug\semi.obj
d:\cse687\project4\code\project4-hlz\project4\serverprototype\debug\parser.obj
d:\cse687\project4\code\project4-hlz\project4\serverprototype\debug\configureparser.obj
d:\cse687\project4\code\project4-hlz\project4\serverprototype\debug\actionsandrules.obj
d:\cse687\project4\code\project4-hlz\project4\serverprototype\debug\grammarhelpers.obj
d:\cse687\project4\code\project4-hlz\project4\serverprototype\debug\filesystem.obj
d:\cse687\project4\code\project4-hlz\project4\serverprototype\debug\abstrsyntree.obj
d:\cse687\project4\code\project4-hlz\project4\debug\serverprototype.ilk
d:\cse687\project4\code\project4-hlz\project4\debug\serverprototype.exe
d:\cse687\project4\code\project4-hlz\project4\debug\serverprototype.pdb
d:\cse687\project4\code\project4-hlz\project4\serverprototype\debug\serverprototype.tlog\cl.command.1.tlog
d:\cse687\project4\code\project4-hlz\project4\serverprototype\debug\serverprototype.tlog\cl.read.1.tlog
d:\cse687\project4\code\project4-hlz\project4\serverprototype\debug\serverprototype.tlog\cl.write.1.tlog
d:\cse687\project4\code\project4-hlz\project4\serverprototype\debug\serverprototype.tlog\link.command.1.tlog
d:\cse687\project4\code\project4-hlz\project4\serverprototype\debug\serverprototype.tlog\link.read.1.tlog
d:\cse687\project4\code\project4-hlz\project4\serverprototype\debug\serverprototype.tlog\link.write.1.tlog
